Sun, 08 Apr 2018 23:22:27 __init__.py[line:410] INFO Running job Every 1 day do execute_refresh_five_minute() (last run: [never], next run: 2018-04-09 23:22:27)
Sun, 08 Apr 2018 23:22:27 refresh_task.py[line:184] INFO job begin execute at : 2018-04-08 23:22:27
Sun, 08 Apr 2018 23:22:27 __init__.py[line:410] INFO Running job Every 1 day do execute_refresh_daily() (last run: [never], next run: 2018-04-09 23:22:27)
Sun, 08 Apr 2018 23:22:27 refresh_task.py[line:194] INFO job begin execute at : 2018-04-08 23:22:27
Sun, 08 Apr 2018 23:22:27 __init__.py[line:410] INFO Running job Every 7 days do execute_refresh_weekly() (last run: [never], next run: 2018-04-15 23:22:27)
Sun, 08 Apr 2018 23:22:27 refresh_task.py[line:204] INFO job begin execute at : 2018-04-08 23:22:27
Sun, 08 Apr 2018 23:23:40 __init__.py[line:410] INFO Running job Every 1 day do execute_refresh_five_minute() (last run: [never], next run: 2018-04-09 23:23:40)
Sun, 08 Apr 2018 23:23:40 refresh_task.py[line:184] INFO job begin execute at : 2018-04-08 23:23:40
Sun, 08 Apr 2018 23:23:40 __init__.py[line:410] INFO Running job Every 1 day do execute_refresh_daily() (last run: [never], next run: 2018-04-09 23:23:40)
Sun, 08 Apr 2018 23:23:40 refresh_task.py[line:194] INFO job begin execute at : 2018-04-08 23:23:40
Sun, 08 Apr 2018 23:23:41 __init__.py[line:410] INFO Running job Every 7 days do execute_refresh_weekly() (last run: [never], next run: 2018-04-15 23:23:41)
Sun, 08 Apr 2018 23:23:41 refresh_task.py[line:204] INFO job begin execute at : 2018-04-08 23:23:41
Sun, 08 Apr 2018 23:26:20 __init__.py[line:410] INFO Running job Every 1 day do execute_refresh_five_minute() (last run: [never], next run: 2018-04-09 23:26:20)
Sun, 08 Apr 2018 23:26:20 refresh_task.py[line:184] INFO job begin execute at : 2018-04-08 23:26:20
Sun, 08 Apr 2018 23:26:20 __init__.py[line:410] INFO Running job Every 1 day do execute_refresh_daily() (last run: [never], next run: 2018-04-09 23:26:20)
Sun, 08 Apr 2018 23:26:20 refresh_task.py[line:194] INFO job begin execute at : 2018-04-08 23:26:20
Sun, 08 Apr 2018 23:26:20 __init__.py[line:410] INFO Running job Every 7 days do execute_refresh_weekly() (last run: [never], next run: 2018-04-15 23:26:20)
Sun, 08 Apr 2018 23:26:20 refresh_task.py[line:204] INFO job begin execute at : 2018-04-08 23:26:20
Sun, 08 Apr 2018 23:27:11 __init__.py[line:410] INFO Running job Every 1 day do execute_refresh_five_minute() (last run: [never], next run: 2018-04-09 23:27:11)
Sun, 08 Apr 2018 23:27:11 refresh_task.py[line:184] INFO job begin execute at : 2018-04-08 23:27:11
Sun, 08 Apr 2018 23:27:11 __init__.py[line:410] INFO Running job Every 1 day do execute_refresh_daily() (last run: [never], next run: 2018-04-09 23:27:11)
Sun, 08 Apr 2018 23:27:11 refresh_task.py[line:194] INFO job begin execute at : 2018-04-08 23:27:11
Sun, 08 Apr 2018 23:27:11 __init__.py[line:410] INFO Running job Every 7 days do execute_refresh_weekly() (last run: [never], next run: 2018-04-15 23:27:11)
Sun, 08 Apr 2018 23:27:11 refresh_task.py[line:204] INFO job begin execute at : 2018-04-08 23:27:11
Sun, 08 Apr 2018 23:36:03 __init__.py[line:410] INFO Running job Every 1 day do execute_refresh_five_minute() (last run: [never], next run: 2018-04-09 23:36:03)
Sun, 08 Apr 2018 23:36:03 refresh_task.py[line:184] INFO job begin execute at : 2018-04-08 23:36:03
Sun, 08 Apr 2018 23:36:03 __init__.py[line:410] INFO Running job Every 1 day do execute_refresh_daily() (last run: [never], next run: 2018-04-09 23:36:03)
Sun, 08 Apr 2018 23:36:03 refresh_task.py[line:194] INFO job begin execute at : 2018-04-08 23:36:03
Sun, 08 Apr 2018 23:36:03 __init__.py[line:410] INFO Running job Every 7 days do execute_refresh_weekly() (last run: [never], next run: 2018-04-15 23:36:03)
Sun, 08 Apr 2018 23:36:03 refresh_task.py[line:204] INFO job begin execute at : 2018-04-08 23:36:03
Sun, 08 Apr 2018 23:36:14 __init__.py[line:410] INFO Running job Every 1 day do execute_refresh_five_minute() (last run: [never], next run: 2018-04-09 23:36:14)
Sun, 08 Apr 2018 23:36:14 refresh_task.py[line:184] INFO job begin execute at : 2018-04-08 23:36:14
Sun, 08 Apr 2018 23:36:14 __init__.py[line:410] INFO Running job Every 1 day do execute_refresh_daily() (last run: [never], next run: 2018-04-09 23:36:14)
Sun, 08 Apr 2018 23:36:14 refresh_task.py[line:194] INFO job begin execute at : 2018-04-08 23:36:14
Sun, 08 Apr 2018 23:36:14 __init__.py[line:410] INFO Running job Every 7 days do execute_refresh_weekly() (last run: [never], next run: 2018-04-15 23:36:14)
Sun, 08 Apr 2018 23:36:14 refresh_task.py[line:204] INFO job begin execute at : 2018-04-08 23:36:14
Sun, 08 Apr 2018 23:37:27 __init__.py[line:410] INFO Running job Every 1 day do execute_refresh_five_minute() (last run: [never], next run: 2018-04-09 23:37:27)
Sun, 08 Apr 2018 23:37:27 refresh_task.py[line:184] INFO job begin execute at : 2018-04-08 23:37:27
Sun, 08 Apr 2018 23:37:27 __init__.py[line:410] INFO Running job Every 1 day do execute_refresh_daily() (last run: [never], next run: 2018-04-09 23:37:27)
Sun, 08 Apr 2018 23:37:27 refresh_task.py[line:194] INFO job begin execute at : 2018-04-08 23:37:27
Sun, 08 Apr 2018 23:37:27 __init__.py[line:410] INFO Running job Every 7 days do execute_refresh_weekly() (last run: [never], next run: 2018-04-15 23:37:27)
Sun, 08 Apr 2018 23:37:27 refresh_task.py[line:204] INFO job begin execute at : 2018-04-08 23:37:27
Sun, 08 Apr 2018 23:51:11 __init__.py[line:410] INFO Running job Every 1 day do execute_refresh_five_minute() (last run: [never], next run: 2018-04-09 23:51:11)
Sun, 08 Apr 2018 23:51:11 refresh_task.py[line:188] INFO job begin execute at : 2018-04-08 23:51:11
Sun, 08 Apr 2018 23:51:11 __init__.py[line:410] INFO Running job Every 1 day do execute_refresh_daily() (last run: [never], next run: 2018-04-09 23:51:11)
Sun, 08 Apr 2018 23:51:11 refresh_task.py[line:198] INFO job begin execute at : 2018-04-08 23:51:11
Sun, 08 Apr 2018 23:51:11 __init__.py[line:410] INFO Running job Every 7 days do execute_refresh_weekly() (last run: [never], next run: 2018-04-15 23:51:11)
Sun, 08 Apr 2018 23:51:11 refresh_task.py[line:208] INFO job begin execute at : 2018-04-08 23:51:11
Sun, 08 Apr 2018 23:53:21 __init__.py[line:410] INFO Running job Every 1 day do execute_refresh_five_minute() (last run: [never], next run: 2018-04-09 23:53:21)
Sun, 08 Apr 2018 23:53:21 refresh_task.py[line:200] INFO job begin execute at : 2018-04-08 23:53:21
Sun, 08 Apr 2018 23:53:21 __init__.py[line:410] INFO Running job Every 1 day do execute_refresh_daily() (last run: [never], next run: 2018-04-09 23:53:21)
Sun, 08 Apr 2018 23:53:21 refresh_task.py[line:210] INFO job begin execute at : 2018-04-08 23:53:21
Sun, 08 Apr 2018 23:53:21 __init__.py[line:410] INFO Running job Every 7 days do execute_refresh_weekly() (last run: [never], next run: 2018-04-15 23:53:21)
Sun, 08 Apr 2018 23:53:21 refresh_task.py[line:220] INFO job begin execute at : 2018-04-08 23:53:21
Sun, 08 Apr 2018 23:54:30 __init__.py[line:410] INFO Running job Every 1 day do execute_refresh_five_minute() (last run: [never], next run: 2018-04-09 23:54:30)
Sun, 08 Apr 2018 23:54:30 refresh_task.py[line:202] INFO job begin execute at : 2018-04-08 23:54:30
Sun, 08 Apr 2018 23:54:30 __init__.py[line:410] INFO Running job Every 1 day do execute_refresh_daily() (last run: [never], next run: 2018-04-09 23:54:30)
Sun, 08 Apr 2018 23:54:30 refresh_task.py[line:212] INFO job begin execute at : 2018-04-08 23:54:30
Sun, 08 Apr 2018 23:54:30 __init__.py[line:410] INFO Running job Every 7 days do execute_refresh_weekly() (last run: [never], next run: 2018-04-15 23:54:30)
Sun, 08 Apr 2018 23:54:30 refresh_task.py[line:222] INFO job begin execute at : 2018-04-08 23:54:30
日, 08  4 2018 23:55:19 __init__.py[line:410] INFO Running job Every 1 day do execute_refresh_five_minute() (last run: [never], next run: 2018-04-09 23:55:19)
日, 08  4 2018 23:55:19 refresh_task.py[line:202] INFO job begin execute at : 2018-04-08 23:55:19
日, 08  4 2018 23:55:19 __init__.py[line:410] INFO Running job Every 1 day do execute_refresh_daily() (last run: [never], next run: 2018-04-09 23:55:19)
日, 08  4 2018 23:55:19 refresh_task.py[line:212] INFO job begin execute at : 2018-04-08 23:55:19
日, 08  4 2018 23:55:19 __init__.py[line:410] INFO Running job Every 7 days do execute_refresh_weekly() (last run: [never], next run: 2018-04-15 23:55:19)
日, 08  4 2018 23:55:19 refresh_task.py[line:222] INFO job begin execute at : 2018-04-08 23:55:19
Sun, 08 Apr 2018 23:56:18 __init__.py[line:410] INFO Running job Every 1 day do execute_refresh_five_minute() (last run: [never], next run: 2018-04-09 23:56:18)
Sun, 08 Apr 2018 23:56:18 refresh_task.py[line:202] INFO job begin execute at : 2018-04-08 23:56:18
Sun, 08 Apr 2018 23:56:18 __init__.py[line:410] INFO Running job Every 1 day do execute_refresh_daily() (last run: [never], next run: 2018-04-09 23:56:18)
Sun, 08 Apr 2018 23:56:18 refresh_task.py[line:212] INFO job begin execute at : 2018-04-08 23:56:18
Sun, 08 Apr 2018 23:56:18 __init__.py[line:410] INFO Running job Every 7 days do execute_refresh_weekly() (last run: [never], next run: 2018-04-15 23:56:18)
Sun, 08 Apr 2018 23:56:18 refresh_task.py[line:222] INFO job begin execute at : 2018-04-08 23:56:18
Mon, 09 Apr 2018 00:00:48 __init__.py[line:410] INFO Running job Every 1 day do execute_refresh_five_minute() (last run: [never], next run: 2018-04-10 00:00:48)
Mon, 09 Apr 2018 00:00:48 refresh_task.py[line:202] INFO job begin execute at : 2018-04-09 00:00:48
Mon, 09 Apr 2018 00:00:48 __init__.py[line:410] INFO Running job Every 1 day do execute_refresh_daily() (last run: [never], next run: 2018-04-10 00:00:48)
Mon, 09 Apr 2018 00:00:48 refresh_task.py[line:212] INFO job begin execute at : 2018-04-09 00:00:48
Mon, 09 Apr 2018 00:00:48 __init__.py[line:410] INFO Running job Every 7 days do execute_refresh_weekly() (last run: [never], next run: 2018-04-16 00:00:48)
Mon, 09 Apr 2018 00:00:48 refresh_task.py[line:222] INFO job begin execute at : 2018-04-09 00:00:48
Mon, 09 Apr 2018 00:01:05 __init__.py[line:410] INFO Running job Every 1 day do execute_refresh_five_minute() (last run: [never], next run: 2018-04-10 00:01:05)
Mon, 09 Apr 2018 00:01:05 refresh_task.py[line:202] INFO job begin execute at : 2018-04-09 00:01:05
Mon, 09 Apr 2018 00:01:05 __init__.py[line:410] INFO Running job Every 1 day do execute_refresh_daily() (last run: [never], next run: 2018-04-10 00:01:05)
Mon, 09 Apr 2018 00:01:05 refresh_task.py[line:212] INFO job begin execute at : 2018-04-09 00:01:05
Mon, 09 Apr 2018 00:01:05 __init__.py[line:410] INFO Running job Every 7 days do execute_refresh_weekly() (last run: [never], next run: 2018-04-16 00:01:05)
Mon, 09 Apr 2018 00:01:05 refresh_task.py[line:222] INFO job begin execute at : 2018-04-09 00:01:05
Mon, 09 Apr 2018 00:01:05 data_preparation.py[line:148] INFO no data for: 600593 start date: 2017-01-01end date: 2017-01-11K type: 5
Mon, 09 Apr 2018 00:01:58 __init__.py[line:410] INFO Running job Every 1 day do execute_refresh_five_minute() (last run: [never], next run: 2018-04-10 00:01:58)
Mon, 09 Apr 2018 00:01:58 refresh_task.py[line:210] INFO job begin execute at : 2018-04-09 00:01:58
Mon, 09 Apr 2018 00:01:58 __init__.py[line:410] INFO Running job Every 1 day do execute_refresh_daily() (last run: [never], next run: 2018-04-10 00:01:58)
Mon, 09 Apr 2018 00:01:58 refresh_task.py[line:220] INFO job begin execute at : 2018-04-09 00:01:58
Mon, 09 Apr 2018 00:01:58 __init__.py[line:410] INFO Running job Every 7 days do execute_refresh_weekly() (last run: [never], next run: 2018-04-16 00:01:58)
Mon, 09 Apr 2018 00:01:58 refresh_task.py[line:230] INFO job begin execute at : 2018-04-09 00:01:58
Mon, 09 Apr 2018 00:01:59 data_preparation.py[line:148] INFO no data for: 600593 start date: 2017-01-01end date: 2017-01-11K type: 5
Mon, 09 Apr 2018 00:03:55 __init__.py[line:410] INFO Running job Every 1 day do execute_refresh_five_minute() (last run: [never], next run: 2018-04-10 00:03:55)
Mon, 09 Apr 2018 00:03:55 refresh_task.py[line:213] INFO job begin execute at : 2018-04-09 00:03:55
Mon, 09 Apr 2018 00:03:55 __init__.py[line:410] INFO Running job Every 1 day do execute_refresh_daily() (last run: [never], next run: 2018-04-10 00:03:55)
Mon, 09 Apr 2018 00:03:55 refresh_task.py[line:223] INFO job begin execute at : 2018-04-09 00:03:55
Mon, 09 Apr 2018 00:03:55 __init__.py[line:410] INFO Running job Every 7 days do execute_refresh_weekly() (last run: [never], next run: 2018-04-16 00:03:55)
Mon, 09 Apr 2018 00:03:55 refresh_task.py[line:233] INFO job begin execute at : 2018-04-09 00:03:55
Mon, 09 Apr 2018 00:03:55 data_preparation.py[line:148] INFO no data for: 600593 start date: 2017-01-01end date: 2017-01-11K type: 5
一, 09  4 2018 00:04:49 __init__.py[line:410] INFO Running job Every 1 day do execute_refresh_five_minute() (last run: [never], next run: 2018-04-10 00:04:49)
一, 09  4 2018 00:04:49 refresh_task.py[line:213] INFO job begin execute at : 2018-04-09 00:04:49
一, 09  4 2018 00:04:49 __init__.py[line:410] INFO Running job Every 1 day do execute_refresh_daily() (last run: [never], next run: 2018-04-10 00:04:49)
一, 09  4 2018 00:04:49 refresh_task.py[line:223] INFO job begin execute at : 2018-04-09 00:04:49
一, 09  4 2018 00:04:49 __init__.py[line:410] INFO Running job Every 7 days do execute_refresh_weekly() (last run: [never], next run: 2018-04-16 00:04:49)
一, 09  4 2018 00:04:49 refresh_task.py[line:233] INFO job begin execute at : 2018-04-09 00:04:49
一, 09  4 2018 00:05:20 __init__.py[line:410] INFO Running job Every 1 day do execute_refresh_five_minute() (last run: [never], next run: 2018-04-10 00:05:20)
一, 09  4 2018 00:05:20 refresh_task.py[line:213] INFO job begin execute at : 2018-04-09 00:05:20
一, 09  4 2018 00:05:20 __init__.py[line:410] INFO Running job Every 1 day do execute_refresh_daily() (last run: [never], next run: 2018-04-10 00:05:20)
一, 09  4 2018 00:05:20 refresh_task.py[line:223] INFO job begin execute at : 2018-04-09 00:05:20
一, 09  4 2018 00:05:20 __init__.py[line:410] INFO Running job Every 7 days do execute_refresh_weekly() (last run: [never], next run: 2018-04-16 00:05:20)
一, 09  4 2018 00:05:20 refresh_task.py[line:233] INFO job begin execute at : 2018-04-09 00:05:20
一, 09  4 2018 00:05:37 __init__.py[line:410] INFO Running job Every 1 day do execute_refresh_five_minute() (last run: [never], next run: 2018-04-10 00:05:37)
一, 09  4 2018 00:05:37 refresh_task.py[line:213] INFO job begin execute at : 2018-04-09 00:05:37
一, 09  4 2018 00:05:37 __init__.py[line:410] INFO Running job Every 1 day do execute_refresh_daily() (last run: [never], next run: 2018-04-10 00:05:37)
一, 09  4 2018 00:05:37 refresh_task.py[line:223] INFO job begin execute at : 2018-04-09 00:05:37
一, 09  4 2018 00:05:37 __init__.py[line:410] INFO Running job Every 7 days do execute_refresh_weekly() (last run: [never], next run: 2018-04-16 00:05:37)
一, 09  4 2018 00:05:37 refresh_task.py[line:233] INFO job begin execute at : 2018-04-09 00:05:37
一, 09  4 2018 00:07:36 __init__.py[line:410] INFO Running job Every 1 day do execute_refresh_five_minute() (last run: [never], next run: 2018-04-10 00:07:36)
一, 09  4 2018 00:07:36 refresh_task.py[line:213] INFO job begin execute at : 2018-04-09 00:07:36
一, 09  4 2018 00:07:36 __init__.py[line:410] INFO Running job Every 1 day do execute_refresh_daily() (last run: [never], next run: 2018-04-10 00:07:36)
一, 09  4 2018 00:07:36 refresh_task.py[line:223] INFO job begin execute at : 2018-04-09 00:07:36
一, 09  4 2018 00:07:36 __init__.py[line:410] INFO Running job Every 7 days do execute_refresh_weekly() (last run: [never], next run: 2018-04-16 00:07:36)
一, 09  4 2018 00:07:36 refresh_task.py[line:233] INFO job begin execute at : 2018-04-09 00:07:36
一, 09  4 2018 00:11:53 __init__.py[line:410] INFO Running job Every 1 day do execute_refresh_five_minute() (last run: [never], next run: 2018-04-10 00:11:53)
一, 09  4 2018 00:11:53 refresh_task.py[line:213] INFO job begin execute at : 2018-04-09 00:11:53
一, 09  4 2018 00:11:53 __init__.py[line:410] INFO Running job Every 1 day do execute_refresh_daily() (last run: [never], next run: 2018-04-10 00:11:53)
一, 09  4 2018 00:11:53 refresh_task.py[line:223] INFO job begin execute at : 2018-04-09 00:11:53
一, 09  4 2018 00:11:53 __init__.py[line:410] INFO Running job Every 7 days do execute_refresh_weekly() (last run: [never], next run: 2018-04-16 00:11:53)
一, 09  4 2018 00:11:53 refresh_task.py[line:233] INFO job begin execute at : 2018-04-09 00:11:53
Sun, 15 Apr 2018 21:20:40 __init__.py[line:410] INFO Running job Every 1 day do execute_refresh_five_minute() (last run: [never], next run: 2018-04-16 21:20:40)
Sun, 15 Apr 2018 21:20:40 refresh_task.py[line:213] INFO job begin execute at : 2018-04-15 21:20:40
Sun, 15 Apr 2018 21:20:40 __init__.py[line:410] INFO Running job Every 1 day do execute_refresh_daily() (last run: [never], next run: 2018-04-16 21:20:40)
Sun, 15 Apr 2018 21:20:40 refresh_task.py[line:223] INFO job begin execute at : 2018-04-15 21:20:40
Sun, 15 Apr 2018 21:20:40 __init__.py[line:410] INFO Running job Every 7 days do execute_refresh_weekly() (last run: [never], next run: 2018-04-22 21:20:40)
Sun, 15 Apr 2018 21:20:40 refresh_task.py[line:233] INFO job begin execute at : 2018-04-15 21:20:40
Sun, 15 Apr 2018 21:20:41 data_preparation.py[line:148] INFO no data for: 600593 start date: 2017-01-01end date: 2017-01-11K type: 5
Sun, 15 Apr 2018 21:21:38 __init__.py[line:410] INFO Running job Every 1 day do execute_refresh_five_minute() (last run: [never], next run: 2018-04-16 21:21:38)
Sun, 15 Apr 2018 21:21:38 refresh_task.py[line:213] INFO job begin execute at : 2018-04-15 21:21:38
Sun, 15 Apr 2018 21:21:39 data_preparation.py[line:148] INFO no data for: 600593 start date: 2018-01-01end date: 2018-01-11K type: 5
Sun, 15 Apr 2018 21:22:19 __init__.py[line:410] INFO Running job Every 1 day do execute_refresh_five_minute() (last run: [never], next run: 2018-04-16 21:22:19)
Sun, 15 Apr 2018 21:22:19 refresh_task.py[line:213] INFO job begin execute at : 2018-04-15 21:22:19
日, 15  4 2018 21:22:59 __init__.py[line:410] INFO Running job Every 1 day do execute_refresh_five_minute() (last run: [never], next run: 2018-04-16 21:22:59)
日, 15  4 2018 21:22:59 refresh_task.py[line:213] INFO job begin execute at : 2018-04-15 21:22:59
Sun, 15 Apr 2018 21:24:43 __init__.py[line:410] INFO Running job Every 1 day do execute_refresh_five_minute() (last run: [never], next run: 2018-04-16 21:24:43)
Sun, 15 Apr 2018 21:24:43 refresh_task.py[line:213] INFO job begin execute at : 2018-04-15 21:24:43
Sun, 15 Apr 2018 21:26:53 __init__.py[line:410] INFO Running job Every 1 day do execute_refresh_five_minute() (last run: [never], next run: 2018-04-16 21:26:53)
Sun, 15 Apr 2018 21:26:53 refresh_task.py[line:213] INFO job begin execute at : 2018-04-15 21:26:53
Sun, 15 Apr 2018 21:31:34 __init__.py[line:410] INFO Running job Every 1 day do execute_refresh_five_minute() (last run: [never], next run: 2018-04-16 21:31:34)
Sun, 15 Apr 2018 21:31:34 refresh_task.py[line:213] INFO job begin execute at : 2018-04-15 21:31:34
日, 15  4 2018 21:32:05 __init__.py[line:410] INFO Running job Every 1 day do execute_refresh_five_minute() (last run: [never], next run: 2018-04-16 21:32:05)
日, 15  4 2018 21:32:05 refresh_task.py[line:213] INFO job begin execute at : 2018-04-15 21:32:05
日, 15  4 2018 21:32:43 __init__.py[line:410] INFO Running job Every 1 day do execute_refresh_five_minute() (last run: [never], next run: 2018-04-16 21:32:43)
日, 15  4 2018 21:32:43 refresh_task.py[line:213] INFO job begin execute at : 2018-04-15 21:32:43
Sun, 15 Apr 2018 21:35:52 __init__.py[line:410] INFO Running job Every 1 day do execute_refresh_five_minute() (last run: [never], next run: 2018-04-16 21:35:52)
Sun, 15 Apr 2018 21:35:52 refresh_task.py[line:213] INFO job begin execute at : 2018-04-15 21:35:52
Sun, 15 Apr 2018 21:38:13 __init__.py[line:410] INFO Running job Every 1 day do execute_refresh_five_minute() (last run: [never], next run: 2018-04-16 21:38:13)
Sun, 15 Apr 2018 21:38:13 refresh_task.py[line:213] INFO job begin execute at : 2018-04-15 21:38:13
日, 15  4 2018 21:52:58 __init__.py[line:410] INFO Running job Every 1 day do execute_refresh_five_minute() (last run: [never], next run: 2018-04-16 21:52:58)
日, 15  4 2018 21:52:58 refresh_task.py[line:213] INFO job begin execute at : 2018-04-15 21:52:58
